<?xml version="1.0" encoding="UTF-8"?>
<testsuite name="com.example.AppTest" tests="1" skipped="0" failures="0" errors="0" timestamp="2025-06-04T15:07:29.653Z" hostname="DESKTOP-8K9NATO" time="0.002">
  <properties/>
  <testcase name="testApp" classname="com.example.AppTest" time="0.002"/>
  <system-out><![CDATA[]]></system-out>
  <system-err><![CDATA[]]></system-err>
</testsuite>
